timestamp: 2011-08-27T21:32:05.889704
CREATE TABLE auth_user(
    id INTEGER PRIMARY KEY AUTOINCREMENT,
    username CHAR(512),
    first_name CHAR(512),
    last_name CHAR(512),
    email CHAR(512),
    password CHAR(512),
    created_on TIMESTAMP,
    modified_on TIMESTAMP,
    registration_key CHAR(512),
    reset_password_key CHAR(512),
    registration_id CHAR(512)
);
success!
timestamp: 2011-08-27T21:32:05.968647
CREATE TABLE auth_group(
    id INTEGER PRIMARY KEY AUTOINCREMENT,
    role CHAR(512),
    description TEXT
);
success!
timestamp: 2011-08-27T21:32:06.036964
CREATE TABLE auth_membership(
    id INTEGER PRIMARY KEY AUTOINCREMENT,
    user_id INTEGER REFERENCES auth_user(id) ON DELETE CASCADE,
    group_id INTEGER REFERENCES auth_group(id) ON DELETE CASCADE
);
success!
timestamp: 2011-08-27T21:32:06.153704
CREATE TABLE auth_permission(
    id INTEGER PRIMARY KEY AUTOINCREMENT,
    group_id INTEGER REFERENCES auth_group(id) ON DELETE CASCADE,
    name CHAR(512),
    table_name CHAR(512),
    record_id INTEGER
);
success!
timestamp: 2011-08-27T21:32:06.275395
CREATE TABLE auth_event(
    id INTEGER PRIMARY KEY AUTOINCREMENT,
    time_stamp TIMESTAMP,
    client_ip CHAR(512),
    user_id INTEGER REFERENCES auth_user(id) ON DELETE CASCADE,
    origin CHAR(512),
    description TEXT
);
success!
timestamp: 2011-08-27T21:32:06.334774
CREATE TABLE auth_cas(
    id INTEGER PRIMARY KEY AUTOINCREMENT,
    user_id INTEGER REFERENCES auth_user(id) ON DELETE CASCADE,
    created_on TIMESTAMP,
    url CHAR(512),
    uuid CHAR(512)
);
success!
timestamp: 2011-08-28T03:37:16.698135
CREATE TABLE bookmarks(
    id INTEGER PRIMARY KEY AUTOINCREMENT,
    user_ass CHAR(512),
    name CHAR(512),
    url CHAR(512),
    status CHAR(512)
);
success!
timestamp: 2011-08-29T00:31:38.318370
ALTER TABLE bookmarks ADD user CHAR(512);
timestamp: 2011-08-29T23:14:51.510137
ALTER TABLE bookmarks ADD creation CHAR(512);
timestamp: 2011-08-31T01:43:19.271688
ALTER TABLE bookmarks ADD description TEXT;
timestamp: 2011-08-31T01:43:19.347678
ALTER TABLE bookmarks ADD keywords CHAR(512);
timestamp: 2011-08-31T01:57:50.701474
ALTER TABLE bookmarks ADD note TEXT;
timestamp: 2011-09-03T19:50:06.050877
CREATE TABLE auth_user(
    id INT AUTO_INCREMENT NOT NULL,
    username VARCHAR(255),
    first_name VARCHAR(255),
    last_name VARCHAR(255),
    email VARCHAR(255),
    password VARCHAR(255),
    created_on DATETIME,
    modified_on DATETIME,
    registration_key VARCHAR(255),
    reset_password_key VARCHAR(255),
    registration_id VARCHAR(255),
    PRIMARY KEY(id)
) ENGINE=InnoDB CHARACTER SET utf8;
success!
timestamp: 2011-09-03T19:50:06.380406
CREATE TABLE auth_group(
    id INT AUTO_INCREMENT NOT NULL,
    role VARCHAR(255),
    description LONGTEXT,
    PRIMARY KEY(id)
) ENGINE=InnoDB CHARACTER SET utf8;
success!
timestamp: 2011-09-03T19:50:06.461535
CREATE TABLE auth_membership(
    id INT AUTO_INCREMENT NOT NULL,
    user_id INT, INDEX user_id__idx (user_id), FOREIGN KEY (user_id) REFERENCES auth_user(id) ON DELETE CASCADE,
    group_id INT, INDEX group_id__idx (group_id), FOREIGN KEY (group_id) REFERENCES auth_group(id) ON DELETE CASCADE,
    PRIMARY KEY(id)
) ENGINE=InnoDB CHARACTER SET utf8;
success!
timestamp: 2011-09-03T19:50:06.615211
CREATE TABLE auth_permission(
    id INT AUTO_INCREMENT NOT NULL,
    group_id INT, INDEX group_id__idx (group_id), FOREIGN KEY (group_id) REFERENCES auth_group(id) ON DELETE CASCADE,
    name VARCHAR(255),
    table_name VARCHAR(255),
    record_id INT,
    PRIMARY KEY(id)
) ENGINE=InnoDB CHARACTER SET utf8;
success!
timestamp: 2011-09-03T19:50:06.667557
CREATE TABLE auth_event(
    id INT AUTO_INCREMENT NOT NULL,
    time_stamp DATETIME,
    client_ip VARCHAR(255),
    user_id INT, INDEX user_id__idx (user_id), FOREIGN KEY (user_id) REFERENCES auth_user(id) ON DELETE CASCADE,
    origin VARCHAR(255),
    description LONGTEXT,
    PRIMARY KEY(id)
) ENGINE=InnoDB CHARACTER SET utf8;
success!
timestamp: 2011-09-03T19:50:06.934292
CREATE TABLE auth_cas(
    id INT AUTO_INCREMENT NOT NULL,
    user_id INT, INDEX user_id__idx (user_id), FOREIGN KEY (user_id) REFERENCES auth_user(id) ON DELETE CASCADE,
    created_on DATETIME,
    url VARCHAR(255),
    uuid VARCHAR(255),
    PRIMARY KEY(id)
) ENGINE=InnoDB CHARACTER SET utf8;
success!
timestamp: 2011-09-03T19:50:07.175755
CREATE TABLE bookmarks(
    id INT AUTO_INCREMENT NOT NULL,
    user VARCHAR(255),
    name VARCHAR(255),
    url VARCHAR(255),
    note LONGTEXT,
    keywords VARCHAR(255),
    status VARCHAR(255),
    creation VARCHAR(255),
    PRIMARY KEY(id)
) ENGINE=InnoDB CHARACTER SET utf8;
success!
timestamp: 2011-09-04T01:16:08.285945
CREATE TABLE lists(
    id INTEGER PRIMARY KEY AUTOINCREMENT,
    userid CHAR(512),
    name CHAR(512),
    keywords CHAR(512)
);
success!
timestamp: 2011-09-04T01:19:44.273124
ALTER TABLE bookmarks ADD author CHAR(512);
